0 info it worked if it ends with ok
1 verbose cli [ 'node', '/usr/local/bin/npm', 'publish' ]
2 info using npm@2.12.1
3 info using node@v0.12.7
4 verbose node symlink /usr/local/bin/node
5 verbose publish [ '.' ]
6 silly cache add args [ '.', null ]
7 verbose cache add spec .
8 silly cache add parsed spec { raw: '.',
8 silly cache add   scope: null,
8 silly cache add   name: null,
8 silly cache add   rawSpec: '.',
8 silly cache add   spec: '/Users/eunhwanpark/Documents/UrQA-Nodejs-Plugin',
8 silly cache add   type: 'directory' }
9 verbose addLocalDirectory /Users/eunhwanpark/.npm/urqa4node/0.0.1/package.tgz not in flight; packing
10 verbose tar pack [ '/Users/eunhwanpark/.npm/urqa4node/0.0.1/package.tgz',
10 verbose tar pack   '/Users/eunhwanpark/Documents/UrQA-Nodejs-Plugin' ]
11 verbose tarball /Users/eunhwanpark/.npm/urqa4node/0.0.1/package.tgz
12 verbose folder /Users/eunhwanpark/Documents/UrQA-Nodejs-Plugin
13 info prepublish urqa4node@0.0.1
14 verbose addLocalTarball adding from inside cache /Users/eunhwanpark/.npm/urqa4node/0.0.1/package.tgz
15 silly cache afterAdd urqa4node@0.0.1
16 verbose afterAdd /Users/eunhwanpark/.npm/urqa4node/0.0.1/package/package.json not in flight; writing
17 verbose afterAdd /Users/eunhwanpark/.npm/urqa4node/0.0.1/package/package.json written
18 silly publish { name: 'urqa4node',
18 silly publish   version: '0.0.1',
18 silly publish   description: 'UrQA.io plugin for nodejs',
18 silly publish   repository:
18 silly publish    { type: 'git',
18 silly publish      url: 'git://github.com/swmaestro6th-crashreport/UrQA-Nodejs-Plugin.git' },
18 silly publish   scripts: { test: 'echo "Error: no test specified" && exit 1' },
18 silly publish   dependencies: { 'stack-trace': '*' },
18 silly publish   author: { name: 'Dainel Park', email: 'topbladep@gmail.com' },
18 silly publish   license: 'MIT',
18 silly publish   readme: '# UrQA-Nodejs-Plugin\nUrQA-Nodejs-Plugin\n',
18 silly publish   readmeFilename: 'README.md',
18 silly publish   gitHead: '431094805ab7bdb9324234475465c6dc4643ba70',
18 silly publish   bugs: { url: 'https://github.com/swmaestro6th-crashreport/UrQA-Nodejs-Plugin/issues' },
18 silly publish   homepage: 'https://github.com/swmaestro6th-crashreport/UrQA-Nodejs-Plugin#readme',
18 silly publish   _id: 'urqa4node@0.0.1',
18 silly publish   _shasum: 'c957b87ca9a4d5f58a20f9e1c8fb2797e3d1b4d4',
18 silly publish   _from: '.' }
19 verbose getPublishConfig undefined
20 silly mapToRegistry name urqa4node
21 silly mapToRegistry using default registry
22 silly mapToRegistry registry https://registry.npmjs.org/
23 silly mapToRegistry uri https://registry.npmjs.org/urqa4node
24 verbose publish registryBase https://registry.npmjs.org/
25 silly publish uploading /Users/eunhwanpark/.npm/urqa4node/0.0.1/package.tgz
26 verbose request uri https://registry.npmjs.org/urqa4node
27 verbose request sending authorization for write operation
28 info attempt registry request try #1 at 21:33:44
29 verbose request using bearer token for auth
30 verbose request id 7026991a0423726f
31 http request PUT https://registry.npmjs.org/urqa4node
32 http 403 https://registry.npmjs.org/urqa4node
33 verbose headers { 'content-type': 'application/json',
33 verbose headers   'cache-control': 'max-age=60',
33 verbose headers   'content-length': '95',
33 verbose headers   'accept-ranges': 'bytes',
33 verbose headers   date: 'Mon, 24 Aug 2015 12:33:46 GMT',
33 verbose headers   via: '1.1 varnish',
33 verbose headers   connection: 'keep-alive',
33 verbose headers   'x-served-by': 'cache-nrt6121-NRT',
33 verbose headers   'x-cache': 'MISS',
33 verbose headers   'x-cache-hits': '0',
33 verbose headers   'x-timer': 'S1440419625.816831,VS0,VE670' }
34 verbose request invalidating /Users/eunhwanpark/.npm/registry.npmjs.org/urqa4node on PUT
35 error publish Failed PUT 403
36 verbose stack Error: "You cannot publish over the previously published version 0.0.1." : urqa4node
36 verbose stack     at CachingRegistryClient.<anonymous> (/usr/local/lib/node_modules/npm/node_modules/npm-registry-client/lib/request.js:247:14)
36 verbose stack     at Request._callback (/usr/local/lib/node_modules/npm/node_modules/npm-registry-client/lib/request.js:170:14)
36 verbose stack     at Request.self.callback (/usr/local/lib/node_modules/npm/node_modules/request/request.js:197:22)
36 verbose stack     at Request.emit (events.js:110:17)
36 verbose stack     at Request.<anonymous> (/usr/local/lib/node_modules/npm/node_modules/request/request.js:1050:14)
36 verbose stack     at Request.emit (events.js:129:20)
36 verbose stack     at IncomingMessage.<anonymous> (/usr/local/lib/node_modules/npm/node_modules/request/request.js:996:12)
36 verbose stack     at IncomingMessage.emit (events.js:129:20)
36 verbose stack     at _stream_readable.js:908:16
36 verbose stack     at process._tickCallback (node.js:355:11)
37 verbose statusCode 403
38 verbose pkgid urqa4node
39 verbose cwd /Users/eunhwanpark/Documents/UrQA-Nodejs-Plugin
40 error Darwin 14.5.0
41 error argv "node" "/usr/local/bin/npm" "publish"
42 error node v0.12.7
43 error npm  v2.12.1
44 error code E403
45 error "You cannot publish over the previously published version 0.0.1." : urqa4node
46 error If you need help, you may report this error at:
46 error     <https://github.com/npm/npm/issues>
47 verbose exit [ 1, true ]
